  PaintWindow.cpp
D:\Git\PaintTool\PaintTool\PaintTool\PaintWindow.cpp(310,64): warning C4244: 'argument': conversion from 'unsigned int' to 'T', possible loss of data
          with
          [
              T=float
          ]
D:\Git\PaintTool\PaintTool\PaintTool\PaintWindow.cpp(310,46): warning C4244: 'argument': conversion from 'unsigned int' to 'T', possible loss of data
          with
          [
              T=float
          ]
D:\Git\PaintTool\PaintTool\PaintTool\PaintWindow.cpp(439,24): warning C4305: '*=': truncation from 'double' to 'float'
D:\Git\PaintTool\PaintTool\PaintTool\PaintWindow.cpp(442,18): warning C4244: '=': conversion from 'int' to 'T', possible loss of data
          with
          [
              T=float
          ]
D:\Git\PaintTool\PaintTool\PaintTool\PaintWindow.cpp(583,21): warning C4018: '<': signed/unsigned mismatch
D:\Git\PaintTool\PaintTool\PaintTool\PaintWindow.cpp(590,20): warning C4018: '<': signed/unsigned mismatch
D:\Git\PaintTool\PaintTool\PaintTool\PaintWindow.cpp(599,20): warning C4018: '<': signed/unsigned mismatch
D:\Git\PaintTool\PaintTool\PaintTool\PaintWindow.cpp(660,63): warning C4244: 'argument': conversion from 'int' to 'float', possible loss of data
D:\Git\PaintTool\PaintTool\PaintTool\PaintWindow.cpp(660,43): warning C4244: 'argument': conversion from 'int' to 'float', possible loss of data
D:\Git\PaintTool\PaintTool\PaintTool\PaintWindow.cpp(707,63): warning C4244: 'argument': conversion from 'int' to 'float', possible loss of data
D:\Git\PaintTool\PaintTool\PaintTool\PaintWindow.cpp(707,43): warning C4244: 'argument': conversion from 'int' to 'float', possible loss of data
  Generating code
  2 of 474 functions ( 0.4%) were compiled, the rest were copied from previous compilation.
    0 functions were new in current compilation
    1 functions had inline decision re-evaluated but remain unchanged
  Finished generating code
  PaintTool.vcxproj -> D:\Git\PaintTool\PaintTool\PaintTool\Release\PaintTool.exe
